[debug] [2022-07-22T16:08:26.838Z] ----------------------------------------------------------------------
[debug] [2022-07-22T16:08:26.848Z] Command:       C:\Program Files\nodejs\node.exe C:\Users\Amit\AppData\Roaming\npm\node_modules\firebase-tools\lib\bin\firebase.js deploy --only hosting
[debug] [2022-07-22T16:08:26.850Z] CLI Version:   11.3.0
[debug] [2022-07-22T16:08:26.850Z] Platform:      win32
[debug] [2022-07-22T16:08:26.851Z] Node Version:  v16.15.1
[debug] [2022-07-22T16:08:26.855Z] Time:          Fri Jul 22 2022 21:38:26 GMT+0530 (India Standard Time)
[debug] [2022-07-22T16:08:26.857Z] ----------------------------------------------------------------------
[debug] 
[debug] [2022-07-22T16:08:27.196Z] > command requires scopes: ["email","openid","https://www.googleapis.com/auth/cloudplatformprojects.readonly","https://www.googleapis.com/auth/firebase","https://www.googleapis.com/auth/cloud-platform"]
[debug] [2022-07-22T16:08:27.199Z] > authorizing via signed-in user (amit.kapila.2009@gmail.com)
[debug] [2022-07-22T16:08:27.200Z] [iam] checking project sinuous-myth-279614 for permissions ["firebase.projects.get","firebasehosting.sites.update"]
[debug] [2022-07-22T16:08:27.212Z] >>> [apiv2][query] POST https://cloudresourcemanager.googleapis.com/v1/projects/sinuous-myth-279614:testIamPermissions [none]
[debug] [2022-07-22T16:08:27.213Z] >>> [apiv2][body] POST https://cloudresourcemanager.googleapis.com/v1/projects/sinuous-myth-279614:testIamPermissions {"permissions":["firebase.projects.get","firebasehosting.sites.update"]}
[debug] [2022-07-22T16:08:29.211Z] <<< [apiv2][status] POST https://cloudresourcemanager.googleapis.com/v1/projects/sinuous-myth-279614:testIamPermissions 200
[debug] [2022-07-22T16:08:29.213Z] <<< [apiv2][body] POST https://cloudresourcemanager.googleapis.com/v1/projects/sinuous-myth-279614:testIamPermissions {"permissions":["firebase.projects.get","firebasehosting.sites.update"]}
[debug] [2022-07-22T16:08:29.225Z] >>> [apiv2][query] GET https://firebase.googleapis.com/v1beta1/projects/sinuous-myth-279614 [none]
[debug] [2022-07-22T16:08:30.029Z] <<< [apiv2][status] GET https://firebase.googleapis.com/v1beta1/projects/sinuous-myth-279614 200
[debug] [2022-07-22T16:08:30.031Z] <<< [apiv2][body] GET https://firebase.googleapis.com/v1beta1/projects/sinuous-myth-279614 {"projectId":"sinuous-myth-279614","projectNumber":"250009453967","displayName":"amitfirebasedb","name":"projects/sinuous-myth-279614","resources":{"hostingSite":"sinuous-myth-279614","realtimeDatabaseInstance":"sinuous-myth-279614","storageBucket":"sinuous-myth-279614.appspot.com","locationId":"asia-south1"},"state":"ACTIVE"}
[info] 
[info] === Deploying to 'sinuous-myth-279614'...
[info] 
[info] i  deploying hosting 
[debug] [2022-07-22T16:08:30.056Z] >>> [apiv2][query] GET https://firebase.googleapis.com/v1beta1/projects/sinuous-myth-279614 [none]
[debug] [2022-07-22T16:08:30.526Z] <<< [apiv2][status] GET https://firebase.googleapis.com/v1beta1/projects/sinuous-myth-279614 200
[debug] [2022-07-22T16:08:30.527Z] <<< [apiv2][body] GET https://firebase.googleapis.com/v1beta1/projects/sinuous-myth-279614 {"projectId":"sinuous-myth-279614","projectNumber":"250009453967","displayName":"amitfirebasedb","name":"projects/sinuous-myth-279614","resources":{"hostingSite":"sinuous-myth-279614","realtimeDatabaseInstance":"sinuous-myth-279614","storageBucket":"sinuous-myth-279614.appspot.com","locationId":"asia-south1"},"state":"ACTIVE"}
[debug] [2022-07-22T16:08:30.543Z] >>> [apiv2][query] POST https://firebasehosting.googleapis.com/v1beta1/projects/250009453967/sites/sinuous-myth-279614/versions [none]
[debug] [2022-07-22T16:08:30.544Z] >>> [apiv2][body] POST https://firebasehosting.googleapis.com/v1beta1/projects/250009453967/sites/sinuous-myth-279614/versions {"config":{"rewrites":[{"glob":"**","path":"/index.html"}]},"labels":{"deployment-tool":"cli-firebase"}}
[debug] [2022-07-22T16:08:32.744Z] <<< [apiv2][status] POST https://firebasehosting.googleapis.com/v1beta1/projects/250009453967/sites/sinuous-myth-279614/versions 200
[debug] [2022-07-22T16:08:32.745Z] <<< [apiv2][body] POST https://firebasehosting.googleapis.com/v1beta1/projects/250009453967/sites/sinuous-myth-279614/versions {"name":"projects/250009453967/sites/sinuous-myth-279614/versions/b993235b5bbe706b","status":"CREATED","config":{"rewrites":[{"glob":"**","path":"/index.html"}]},"labels":{"deployment-tool":"cli-firebase"}}
[info] i  hosting[sinuous-myth-279614]: beginning deploy... 
[info] i  hosting[sinuous-myth-279614]: found 105 files in dist/amitnginx 
[debug] [2022-07-22T16:08:32.975Z] [hosting] uploading with 200 concurrency
[debug] [2022-07-22T16:08:35.857Z] [hosting] hash cache [ZGlzdFxhbWl0bmdpbng] stored for 105 files
[debug] [2022-07-22T16:08:35.858Z] [hosting][hash queue][FINAL] {"max":2811,"min":0,"avg":159.9271835842435,"active":0,"complete":105,"success":105,"errored":0,"retried":0,"total":105,"elapsed":2875}
[debug] [2022-07-22T16:08:35.860Z] >>> [apiv2][query] POST https://firebasehosting.googleapis.com/v1beta1/projects/250009453967/sites/sinuous-myth-279614/versions/b993235b5bbe706b:populateFiles [none]
[debug] [2022-07-22T16:08:35.860Z] >>> [apiv2][body] POST https://firebasehosting.googleapis.com/v1beta1/projects/250009453967/sites/sinuous-myth-279614/versions/b993235b5bbe706b:populateFiles {"files":{"/favicon.ico":"585c80f7e3743c89def1525bba82cfaedc2f4dc8ac50a3d5fc523bd9fe53478b","/manifest.webmanifest":"2a0993a3e8d391c212180819ed225ec6ac7c010bbbb9e10036a05ca0d6a23d1d","/ngsw-worker.js":"4c891c9e2ba689655eacb1e17c74c15a5fbaf5c91bdf94488d7863cf36ce6f14","/safety-worker.js":"c6b39c5706f2a5d51e9a5de484c7aa0fdb06444572c7544f92a21fd16620ebf7","/worker-basic.min.js":"c6b39c5706f2a5d51e9a5de484c7aa0fdb06444572c7544f92a21fd16620ebf7","/assets/icons/icon-128x128.png":"1331bbcee85eb4c732d2b2468c0118ead141aa56c741dc1a93a54d4812e79d4d","/assets/icons/icon-144x144.png":"ab4052ca6640d9378a090b7a6825df604c939ec738dae88d89500aee8eb7087f","/assets/icons/icon-152x152.png":"b1cb2eb328c9eedac5eb3994d04c73040c462a73cf7254c38eafa2d582a078d6","/assets/icons/icon-192x192.png":"5b2471e9386f4fe3dcf1d2151c7048c3cc22d3c504161debeca3af3a2efd0a04","/assets/icons/icon-384x384.png":"e28ae36bf6b6f9c9a5eb8716806f3077d2932c9723f89d0c0275fbde43dcdce9","/assets/icons/icon-512x512.png":"cb62ee904d0aa462c04667e945abbefe928c1c874d9a919ec237f3ebc1822dc9","/assets/icons/icon-72x72.png":"215a8d62891dff36be3e0a554c28e627bbd34dea95aca21b718414452b581dce","/assets/icons/icon-96x96.png":"5dbec692238f9b1305461df3fe87c910306d95db26941804b8929cd0d99bd508","/assets/images/favicon.png":"b7128003036e7e33e9401af2183491e90ef8bfa6ac1f7a207e4ba1e09c79b02e","/assets/images/logo-mini.svg":"207f9405c821a33b972efeecffc833782d8d268d87c0be4bf70ae0d5c40415c4","/assets/images/logo.svg":"2e03f868e0eeab7847f0f43aceccf3a5245c1cc8cd061ace6e675c7eb37a7700","/assets/images/photo.svg":"5e4c7df17ec70700d2f91377bd56b783ffbd32505abfe37fb6f91c1899e5c9fe","/assets/images/dashboard/amit.jpg":"d20e4c7c1ac07baa659b5abdbf180eacc3ff80f7864f7e413c0bd7fde646d42e","/assets/images/dashboard/amit1.jpg":"5e9eed18138bdc2c016102c4c192e54805f6047c923e863b0296c07ebc46f849","/assets/images/dashboard/amit2.jpg":"5ceac006a0a6218c3e968b346c875a33353cfd4e8d58390e13c9bb7bdba1b53e","/assets/images/dashboard/circle.png":"19815f333fe3988ac4872a6adaeb6dec4b969629767c1be764c55bb8db58f8d5","/assets/images/dashboard/circle.svg":"1a3899b611425084ab0779186d611c22f2861f66da018784e2a22ced65f95565","/assets/images/dashboard/image sample.jpg":"479dbe46b48c44faa3614768323662040018eeef01201098d58ffcef765f7be4","/assets/scss/_background.scss":"d2da600756d4bdcab9a8a0a170377845c373a65cac97c40e88584f492d6d1b48","/assets/scss/_demo.scss":"a3ca6d6d6a9c00de872d15f3849185fe8b770c17be229622ae313abde703e0fd","/assets/scss/_fonts.scss":"4c740660747c0fefd6c14be67c2f71dabd794715643da357e04a338f78f7608d","/assets/scss/_functions.scss":"d6870274b039e7a4a0005469d919c00dcc6793d2523915f89d0df57373c00ade","/assets/scss/_layout.scss":"355354b32bf1ed96b5403f0c878f1e0b8ab28ea0dacdde6aa6cd473578fafbfa","/assets/scss/_misc.scss":"71a83515d47c0d7297673d1b082f22e3cc738a972c3d8d0e422880639f6d1c95","/assets/scss/_reset.scss":"6ea4cd6f9ec0c52387b438b6ff906068932e0fe93ea0f1555187ba0b08444d2e","/assets/scss/_responsive.scss":"012710f01b0c4760d88a51afb012318db9c34b730f8319729c0e5261c0760ea6","/assets/scss/_spinner.scss":"0fbbb871b7f478f953d1868a02ed01a884d19fe6fd9ea78b181105bbe2eada75","/assets/scss/_typography.scss":"650681c0086d3da922fb18f2670f2c7fbb553fbcfb70fb9881c35fb031183024","/assets/scss/_utilities.scss":"94c98f1e09ffaa67b53f8ed91cc3fd2800885e5393526edece4827f46d4c88b3","/assets/scss/_variables.scss":"ca1ee8e6c64cec7d8b82191943245796be4632161429acf33565c777e0cf1882","/assets/scss/components/_accordions.scss":"7197807613abc2ae5d9e494a80941e27f9e460b30dd5c943101f33504d6bc9fc","/assets/scss/components/_badges.scss":"6bb660ffc530b3eba80e9e178c6f0c42127ccc1ba21aac7d8dd0fb8259abdd21","/assets/scss/components/_bootstrap-alerts.scss":"4d62bc59a9a4e6ba55e3cd47f590899174636a8caaff1c1be7cbf0d574dc797e","/assets/scss/components/_bootstrap-progress.scss":"095fae308a1e1f7882c840e6da981961c0ce9a22d41a917de73fdeb8de3466b5","/assets/scss/components/_breadcrumbs.scss":"a72e73388cf0a8897e2e3c8704dce18d5f9986470b140232efccd6219bd40714","/assets/scss/components/_buttons.scss":"b280f5b5ec9d79518a0578f6d746ce85c262ac273cb5023000765298b4ce5c25","/assets/scss/components/_cards.scss":"bf9e206ce7b5fbc33fdb09de46849f7dad34e77be0899cf68cd7e9ca25b0174c","/assets/scss/components/_checkbox-radio.scss":"4c91738995b7f6e009106d24bc86bd88d6438c4cf3c68446dc11ecb87580a0e0","/assets/scss/components/_date-picker.scss":"1b88f228dc443c1c35b3381f850dbc2cc8dd5bcbd30499f08ec2add4733e6063","/assets/scss/components/_dropdowns.scss":"526517c81987247eaa94966a762c6b528ccc68e9ced75c4a586ead9e3d9e2ea7","/assets/scss/components/_forms.scss":"c1c6c980aba7c0aa8fbad946b567090c299af264e22dbc172aef19299719f375","/assets/scss/components/_icons.scss":"ca12cfab320f33139b96e09a06809ab80364ee3ad3d02c75ca2bd1a28a393425","/assets/scss/components/_lists.scss":"f4cac1e49ae8a0f0d3646a4cd9ea66e5dc6a9ab21158b01b2797abf18cb18052","/assets/scss/components/_pagination.scss":"6e651cd340e93a3ded4ef9db892aa8f1ed34add2eccd8944ca6050484d9fd7bd","/assets/scss/components/_popovers.scss":"ab3800f4b71dbfd8247804c993d08fdf9018108985ea90e95741bf25e51f1cd7","/assets/scss/components/_portfolio.scss":"b209e165711e25815040b7eee28a23201a81885d6d1a4b3bec629a3f410e9703","/assets/scss/components/_preview.scss":"edb9795c5fee4359e5537570f62a8dcf714bdc227f9f0953111a9b548155f6a7","/assets/scss/components/_tables.scss":"39ca6e8ec0b2a3e6f0851aff1ba63d182a4e3eb54b70db169d88b006ba5e230b","/assets/scss/components/_tabs.scss":"f59ba1ec0f79e137e3ff1e747b871fc07e226038f34df0ad1d732250434fa8bb","/assets/scss/components/_todo-list.scss":"8bf122518ab79651f35b44d574219e848107ecd980e41810841bcae0b327a0ec","/assets/scss/components/_tooltips.scss":"e17a8342e9cee3cfecfc209e30564310c975b48321afe09fe30f273afef69375","/assets/scss/components/landing-screens/_auth.scss":"e421b4981fa30f7f2234e8f80ccc50f416242b33413a409af3517904530117da","/assets/scss/mixins/_animation.scss":"b30cbda0e1555ae3657c163080a082cdb2b02d59aff1c5470e8187163241fb9e","/assets/scss/mixins/_badges.scss":"de077807b5a145f002022b29c3044487646cc8afee2f882e0f27bceb4aa11f39","/assets/scss/mixins/_blockqoute.scss":"c3e1dcdb5f6451e72f7eba36df1a2ddb020a485b4b3c1c4792341d5ada04db09","/assets/scss/mixins/_buttons.scss":"7d5ac6555c9e268b09fc2ec5e6fa4fbba4a9aea81f4046db8277ff99aa515ada","/assets/scss/mixins/_cards.scss":"4ddc03842c7b44a8af90ec8e042e270041b11eab723cc82bcc8eccc474fa78ad","/assets/scss/mixins/_color-functions.scss":"2d65a5e04df05e4a4c5b9f7a4f80801808f9fa8f7735f9668a6c0e8d67ff5832","/assets/scss/mixins/_misc.scss":"d9bd039d1c5de31a5fe8121b59bdaea4b0be9763b878d0bb364da8c4d67f4998","/assets/scss/mixins/_popovers.scss":"60863d98d0cbe5633596d78224eef64af57f0e52dac50098b182a9aba6b67917","/assets/scss/mixins/_tooltips.scss":"45b5bab307a8181e7b6766d3fab8b84c0cee97e6d9b625b9123f59102a72e212","/assets/tinymce/skins/lightgray/content.inline.min.css":"5b684d4321fc81ea2952f7a06ddaffaedffe61429196287640d3e2189a2c8386","/assets/tinymce/skins/lightgray/content.min.css":"d2ca146a6ecddb2b47446be5c840fdc5e2a1b74c6fd1b7fe855b058c8790983f","/assets/tinymce/skins/lightgray/content.mobile.min.css":"9b8692468966903b0ebef023f166b6ac20d4fcae0299f4ab12a9fd73ec7f01e1","/assets/tinymce/skins/lightgray/skin.min.css":"6c54f075e4c427dbe90b0c2e3aecdf1c02466efee14e790000aad145e25b71b4","/assets/tinymce/skins/lightgray/skin.mobile.min.css":"653cee74c42b8104c58cf7363a9ebdcbbdd8e500a8543f9680b811d2ab420763","/assets/tinymce/skins/lightgray/fonts/tinymce-mobile.woff":"271472a3f06c89d146a13fe7f33f4bcb7b110d1d0d767507abcb2dcfb17343e7","/assets/tinymce/skins/lightgray/fonts/tinymce-small.eot":"ccb86ba1469665568f79af21dc11be7a1b17fb39e06277179a3119cb938ae55a","/assets/tinymce/skins/lightgray/fonts/tinymce-small.svg":"b80a580899c3eb7571acc41d3de3633ca4ef7e60b8cd7d80a260a31d5a83dd80","/assets/tinymce/skins/lightgray/fonts/tinymce-small.ttf":"408f5f76567184acf51eeed178416342697f474ca9713478bba10b972246b73c","/assets/tinymce/skins/lightgray/fonts/tinymce-small.woff":"d88316b14563540e654e467d58528936c879c5a786a14926e421de0b19147f38","/assets/tinymce/skins/lightgray/fonts/tinymce.eot":"9537b8d3c6f09fe68cf9965083b1e6af6ea6d9f80b1bcf3f61fd952216387432","/assets/tinymce/skins/lightgray/fonts/tinymce.svg":"10e39fa22d8e95459144a60b48c72d57216270bc241bf5222d324346544f096a","/assets/tinymce/skins/lightgray/fonts/tinymce.ttf":"c10e6523be42f3ed3ba027123027f359bc01a23dba2b4d3446ca3f06a2069732","/assets/tinymce/skins/lightgray/fonts/tinymce.woff":"adfcdb181f8da221519078caafba26203be280b0f03c914370a2b6b774fb31b1","/assets/tinymce/skins/lightgray/img/anchor.gif":"326a01100cf4135cf2cc9f03ddaf5c9e70a34f8ec47bcafb05ab2c2f1f20ea10","/assets/tinymce/skins/lightgray/img/loader.gif":"4234d0fbd1211fcf211537478177fffd3f884793df0d442c6e081bf6f9e11ab0","/assets/tinymce/skins/lightgray/img/object.gif":"aac654cb9954b1e88858daca33f5eb16adbaabf5e73d0a49e68b7c43d0ac7f98","/assets/tinymce/skins/lightgray/img/trans.gif":"8e76d1326b68c931e720af526c416f0ae876789a3f9628f93247c83babb9dc24","/304.1c923dbd55bd88ce.js":"4e1abfabbbc2ddd4b2d26bee45a3ec45724286aee68f0d68dcdd9c08ca13a6e2","/482.7292ba802dffcf09.js":"8d47f54171bc8e996a14eb37c8bc1f5d54648d34da76ef1fe52461e13b3f29a4","/588.973992e754742d25.js":"157b7736757f2724f96ea5ad712e4d2a0e93796e8d1ab5bb8144033d7b136939","/100.2b99f336f748be48.js":"0b899e85402b5586dacf69c89fc2842fddd11fa66b959c13d999ccb83cebb5d9","/668.d7b98e8b1f2122f5.js":"c84317c55a1c380c3dea763419d237415e99a3a71a2446eb4f9092cad3ab49cb","/common.0ad25a2a10de12a2.js":"ec7a0672d6b7b7acc5214cf44aab2a939e57931ed067c793fe33ffeff34f5378","/647.43c8279258e82198.js":"e2690d6b4e8fa5fe9984906b3b8a8a1b155dba5bbd505cd0d122545ee0e4dddb","/index.html":"b7cc1aa140cf37b0fd7d28f0e498e6e068a7e0bda4e76aa66ef44ebe85fb00dc","/953.d3a76a9a7088c52c.js":"fc40ade7018e89559cf0780f00dbbe8f69eb4ce213feccced3184fc1f7abeeb8","/ngsw.json":"7b495ce080482a7944fd272f5efc05260e401168ac78a2749fab5099b63059aa","/polyfills.56ae7a7c15cd2a0f.js":"44c318ea7f7be366c08e7dabd5e05c281cc300d4518d7ce0ef55a7d862237d62","/runtime.eb6db388d8e16bec.js":"5491dc08a971f8f40dc78d7fffd8ab396dff5d0037b370e5db601f9f9750561c","/549.42b2e2cea9af1524.js":"00d5b1b2857c9d0122ebd9f94faff7b1cbcd8033aa1bf3836b4bc0ed726ff581","/materialdesignicons-webfont.2474c2c14c0f85dd.woff2":"4ad51d9651882f5503a7343beee7f338d25c2f25ca1bdb20900d5836fc77c11d","/materialdesignicons-webfont.1dab7af57d6e6f3b.woff":"6b9f3825ec13140573a72149c061e4ae36716523eb37333229b7e55b7fe14479","/275.075f6610375d5cac.js":"88071a27c38e19440ac287d527e27053901f28fe8b48778bf698380677b95df0","/styles.cd58f32fb38c5df7.css":"d2cca08c4448456dcc9cc867ed2400483202f29d8e05f66793868c74c4c11aef","/materialdesignicons-webfont.a1c852b25721519f.eot":"3e43e4454a62e823fc848126a3ccc7603696fdd1cca00cf43845cbff38b50831","/materialdesignicons-webfont.b33ccf64f048e8f8.ttf":"e9534d51bdd55538081710d4f25707a206be026211c7805cc7a04d64fc727446","/3rdpartylicenses.txt":"10eaeee3da8c4dd484db2be876daed849caef475c96f53e2f6c4f78507133f3a","/main.e3a46f50b558774c.js":"36a484770686524e083f489ab541a58f75270b85a8ed3a53fa3bfbef69411bbc"}}
[debug] [2022-07-22T16:08:38.039Z] <<< [apiv2][status] POST https://firebasehosting.googleapis.com/v1beta1/projects/250009453967/sites/sinuous-myth-279614/versions/b993235b5bbe706b:populateFiles 200
[debug] [2022-07-22T16:08:38.039Z] <<< [apiv2][body] POST https://firebasehosting.googleapis.com/v1beta1/projects/250009453967/sites/sinuous-myth-279614/versions/b993235b5bbe706b:populateFiles {"uploadRequiredHashes":["7b495ce080482a7944fd272f5efc05260e401168ac78a2749fab5099b63059aa"],"uploadUrl":"https://upload-firebasehosting.googleapis.com/upload/sites/sinuous-myth-279614/versions/b993235b5bbe706b/files"}
[debug] [2022-07-22T16:08:38.043Z] >>> [apiv2][query] POST https://upload-firebasehosting.googleapis.com/upload/sites/sinuous-myth-279614/versions/b993235b5bbe706b/files/7b495ce080482a7944fd272f5efc05260e401168ac78a2749fab5099b63059aa [none]
[debug] [2022-07-22T16:08:38.044Z] >>> [apiv2][body] POST https://upload-firebasehosting.googleapis.com/upload/sites/sinuous-myth-279614/versions/b993235b5bbe706b/files/7b495ce080482a7944fd272f5efc05260e401168ac78a2749fab5099b63059aa [stream]
[debug] [2022-07-22T16:08:38.051Z] [hosting][populate queue][FINAL] {"max":2194,"min":2194,"avg":2194,"active":0,"complete":1,"success":1,"errored":0,"retried":0,"total":1,"elapsed":2202}
[debug] [2022-07-22T16:08:38.052Z] [hosting] uploads queued: 1
[debug] [2022-07-22T16:08:40.205Z] <<< [apiv2][status] POST https://upload-firebasehosting.googleapis.com/upload/sites/sinuous-myth-279614/versions/b993235b5bbe706b/files/7b495ce080482a7944fd272f5efc05260e401168ac78a2749fab5099b63059aa 200
[debug] [2022-07-22T16:08:40.205Z] <<< [apiv2][body] POST https://upload-firebasehosting.googleapis.com/upload/sites/sinuous-myth-279614/versions/b993235b5bbe706b/files/7b495ce080482a7944fd272f5efc05260e401168ac78a2749fab5099b63059aa [stream]
[debug] [2022-07-22T16:08:40.206Z] [hosting][upload queue][FINAL] {"max":2166,"min":2166,"avg":2166,"active":0,"complete":1,"success":1,"errored":0,"retried":0,"total":1,"elapsed":2166}
[info] +  hosting[sinuous-myth-279614]: file upload complete 
[debug] [2022-07-22T16:08:40.232Z] [hosting] deploy completed after 7484ms
[debug] [2022-07-22T16:08:40.248Z] [
  {
    "config": {
      "postdeploy": "node index.js",
      "public": "dist/amitnginx",
      "ignore": [
        "firebase.json",
        "**/.*",
        "**/node_modules/**"
      ],
      "rewrites": [
        {
          "source": "**",
          "destination": "/index.html"
        }
      ],
      "site": "sinuous-myth-279614"
    },
    "site": "sinuous-myth-279614",
    "version": "projects/250009453967/sites/sinuous-myth-279614/versions/b993235b5bbe706b"
  }
]
[info] i  hosting[sinuous-myth-279614]: finalizing version... 
[debug] [2022-07-22T16:08:40.255Z] >>> [apiv2][query] PATCH https://firebasehosting.googleapis.com/v1beta1/projects/250009453967/sites/sinuous-myth-279614/versions/b993235b5bbe706b updateMask=status%2Cconfig
[debug] [2022-07-22T16:08:40.256Z] >>> [apiv2][body] PATCH https://firebasehosting.googleapis.com/v1beta1/projects/250009453967/sites/sinuous-myth-279614/versions/b993235b5bbe706b {"status":"FINALIZED","config":{"rewrites":[{"glob":"**","path":"/index.html"}]}}
[debug] [2022-07-22T16:08:42.189Z] <<< [apiv2][status] PATCH https://firebasehosting.googleapis.com/v1beta1/projects/250009453967/sites/sinuous-myth-279614/versions/b993235b5bbe706b 200
[debug] [2022-07-22T16:08:42.189Z] <<< [apiv2][body] PATCH https://firebasehosting.googleapis.com/v1beta1/projects/250009453967/sites/sinuous-myth-279614/versions/b993235b5bbe706b {"name":"projects/250009453967/sites/sinuous-myth-279614/versions/b993235b5bbe706b","status":"FINALIZED","config":{"rewrites":[{"glob":"**","path":"/index.html"}]},"labels":{"deployment-tool":"cli-firebase"},"createTime":"2022-07-22T16:08:32.062341Z","createUser":{"email":"amit.kapila.2009@gmail.com"},"finalizeTime":"2022-07-22T16:08:41.843175Z","finalizeUser":{"email":"amit.kapila.2009@gmail.com"}}
[debug] [2022-07-22T16:08:42.190Z] [hosting] finalized version for sinuous-myth-279614:[object Object]
[info] +  hosting[sinuous-myth-279614]: version finalized 
[info] i  hosting[sinuous-myth-279614]: releasing new version... 
[debug] [2022-07-22T16:08:42.195Z] >>> [apiv2][query] POST https://firebasehosting.googleapis.com/v1beta1/projects/250009453967/sites/sinuous-myth-279614/releases versionName=projects%2F250009453967%2Fsites%2Fsinuous-myth-279614%2Fversions%2Fb993235b5bbe706b
[debug] [2022-07-22T16:08:42.195Z] >>> [apiv2][body] POST https://firebasehosting.googleapis.com/v1beta1/projects/250009453967/sites/sinuous-myth-279614/releases {"message":null}
[debug] [2022-07-22T16:08:44.087Z] <<< [apiv2][status] POST https://firebasehosting.googleapis.com/v1beta1/projects/250009453967/sites/sinuous-myth-279614/releases 200
[debug] [2022-07-22T16:08:44.088Z] <<< [apiv2][body] POST https://firebasehosting.googleapis.com/v1beta1/projects/250009453967/sites/sinuous-myth-279614/releases {"name":"projects/250009453967/sites/sinuous-myth-279614/releases/1658506123116167","version":{"name":"projects/250009453967/sites/sinuous-myth-279614/versions/b993235b5bbe706b","status":"FINALIZED","config":{"rewrites":[{"glob":"**","path":"/index.html"}]},"labels":{"deployment-tool":"cli-firebase"},"createTime":"2022-07-22T16:08:32.062341Z","createUser":{"email":"amit.kapila.2009@gmail.com","imageUrl":"https://lh3.googleusercontent.com/a-/AFdZucpKcWkY-b0hUuXTlV0iyK6QLCJpdY-fW7LzHJnVmGc"},"finalizeTime":"2022-07-22T16:08:41.843175Z","finalizeUser":{"email":"amit.kapila.2009@gmail.com","imageUrl":"https://lh3.googleusercontent.com/a-/AFdZucpKcWkY-b0hUuXTlV0iyK6QLCJpdY-fW7LzHJnVmGc"}},"type":"DEPLOY","releaseTime":"2022-07-22T16:08:43.116167874Z","releaseUser":{"email":"amit.kapila.2009@gmail.com","imageUrl":"https://lh3.googleusercontent.com/a-/AFdZucpKcWkY-b0hUuXTlV0iyK6QLCJpdY-fW7LzHJnVmGc"}}
[debug] [2022-07-22T16:08:44.088Z] [hosting] release: {"name":"projects/250009453967/sites/sinuous-myth-279614/releases/1658506123116167","version":{"name":"projects/250009453967/sites/sinuous-myth-279614/versions/b993235b5bbe706b","status":"FINALIZED","config":{"rewrites":[{"glob":"**","path":"/index.html"}]},"labels":{"deployment-tool":"cli-firebase"},"createTime":"2022-07-22T16:08:32.062341Z","createUser":{"email":"amit.kapila.2009@gmail.com","imageUrl":"https://lh3.googleusercontent.com/a-/AFdZucpKcWkY-b0hUuXTlV0iyK6QLCJpdY-fW7LzHJnVmGc"},"finalizeTime":"2022-07-22T16:08:41.843175Z","finalizeUser":{"email":"amit.kapila.2009@gmail.com","imageUrl":"https://lh3.googleusercontent.com/a-/AFdZucpKcWkY-b0hUuXTlV0iyK6QLCJpdY-fW7LzHJnVmGc"}},"type":"DEPLOY","releaseTime":"2022-07-22T16:08:43.116167874Z","releaseUser":{"email":"amit.kapila.2009@gmail.com","imageUrl":"https://lh3.googleusercontent.com/a-/AFdZucpKcWkY-b0hUuXTlV0iyK6QLCJpdY-fW7LzHJnVmGc"}}
[info] +  hosting[sinuous-myth-279614]: release complete 
[info] Running command: node index.js
